# JRE version: OpenJDK Runtime Environment (20.0.1+9) (build 20.0.1+9-29)
# Java VM: OpenJDK 64-Bit Server VM (20.0.1+9-29, mixed mode, emulated-client, sharing, tiered, compressed oops, compressed class ptrs, g1 gc, windows-amd64)
GC Precious Log:
 CardTable entry size: 512
 Card Set container configuration: InlinePtr #cards 4 size 8 Array Of Cards #cards 16 size 48 Howl #buckets 8 coarsen threshold 3686 Howl Bitmap #cards 512 size 80 coarsen threshold 460 Card regions per heap region 1 cards per card region 4096
 CPUs: 16 total, 16 available
 Memory: 16333M
 Large Page Support: Disabled
 NUMA Support: Disabled
 Compressed Oops: Enabled (Zero based)
 Heap Region Size: 2M
 Heap Min Capacity: 8M
 Heap Initial Capacity: 256M
 Heap Max Capacity: 4084M
 Pre-touch: Disabled
 Parallel Workers: 13
 Concurrent Workers: 3
 Concurrent Refinement Workers: 13
 Periodic GC: Disabled
Heap:
 garbage-first heap   total 296960K, used 170510K [0x0000000700c00000, 0x0000000800000000)
  region size 2048K, 1 young (2048K), 1 survivors (2048K)
 Metaspace       used 48998K, committed 49984K, reserved 1114112K
  class space    used 6808K, committed 7168K, reserved 1048576K
GC Heap History (20 events):
Event: 5.685 GC heap after
{Heap after GC invocations=9 (full 0):
 garbage-first heap   total 63488K, used 22956K [0x0000000700c00000, 0x0000000800000000)
  region size 2048K, 3 young (6144K), 3 survivors (6144K)
 Metaspace       used 41699K, committed 42304K, reserved 1114112K
  class space    used 5854K, committed 6144K, reserved 1048576K
}
Event: 7.061 GC heap before
{Heap before GC invocations=9 (full 0):
 garbage-first heap   total 63488K, used 49580K [0x0000000700c00000, 0x0000000800000000)
  region size 2048K, 16 young (32768K), 3 survivors (6144K)
 Metaspace       used 46144K, committed 46848K, reserved 1114112K
  class space    used 6479K, committed 6784K, reserved 1048576K
}
Event: 7.071 GC heap after
{Heap after GC invocations=10 (full 0):
 garbage-first heap   total 63488K, used 24832K [0x0000000700c00000, 0x0000000800000000)
  region size 2048K, 2 young (4096K), 2 survivors (4096K)
 Metaspace       used 46144K, committed 46848K, reserved 1114112K
  class space    used 6479K, committed 6784K, reserved 1048576K
}
Event: 165.318 GC heap before
{Heap before GC invocations=10 (full 0):
 garbage-first heap   total 63488K, used 49408K [0x0000000700c00000, 0x0000000800000000)
  region size 2048K, 15 young (30720K), 2 survivors (4096K)
 Metaspace       used 47894K, committed 48576K, reserved 1114112K
  class space    used 6688K, committed 6976K, reserved 1048576K
}
Event: 165.323 GC heap after
{Heap after GC invocations=11 (full 0):
 garbage-first heap   total 65536K, used 33096K [0x0000000700c00000, 0x0000000800000000)
  region size 2048K, 2 young (4096K), 2 survivors (4096K)
 Metaspace       used 47894K, committed 48576K, reserved 1114112K
  class space    used 6688K, committed 6976K, reserved 1048576K
}
Event: 165.661 GC heap before
{Heap before GC invocations=11 (full 0):
 garbage-first heap   total 65536K, used 49480K [0x0000000700c00000, 0x0000000800000000)
  region size 2048K, 10 young (20480K), 2 survivors (4096K)
 Metaspace       used 49130K, committed 49856K, reserved 1114112K
  class space    used 6851K, committed 7168K, reserved 1048576K
}
Event: 165.663 GC heap after
{Heap after GC invocations=12 (full 0):
 garbage-first heap   total 65536K, used 31149K [0x0000000700c00000, 0x0000000800000000)
  region size 2048K, 1 young (2048K), 1 survivors (2048K)
 Metaspace       used 49130K, committed 49856K, reserved 1114112K
  class space    used 6851K, committed 7168K, reserved 1048576K
}
Event: 165.701 GC heap before
{Heap before GC invocations=12 (full 0):
 garbage-first heap   total 75776K, used 51629K [0x0000000700c00000, 0x0000000800000000)
  region size 2048K, 11 young (22528K), 1 survivors (2048K)
 Metaspace       used 48851K, committed 49920K, reserved 1114112K
  class space    used 6774K, committed 7168K, reserved 1048576K
}
Event: 165.707 GC heap after
{Heap after GC invocations=13 (full 0):
 garbage-first heap   total 151552K, used 51396K [0x0000000700c00000, 0x0000000800000000)
  region size 2048K, 2 young (4096K), 2 survivors (4096K)
 Metaspace       used 48851K, committed 49920K, reserved 1114112K
  class space    used 6774K, committed 7168K, reserved 1048576K
}
Event: 177.006 GC heap before
{Heap before GC invocations=14 (full 0):
 garbage-first heap   total 151552K, used 114884K [0x0000000700c00000, 0x0000000800000000)
  region size 2048K, 33 young (67584K), 2 survivors (4096K)
 Metaspace       used 48923K, committed 49984K, reserved 1114112K
  class space    used 6790K, committed 7168K, reserved 1048576K
}
Event: 177.011 GC heap after
{Heap after GC invocations=15 (full 0):
 garbage-first heap   total 151552K, used 62389K [0x0000000700c00000, 0x0000000800000000)
  region size 2048K, 5 young (10240K), 5 survivors (10240K)
 Metaspace       used 48923K, committed 49984K, reserved 1114112K
  class space    used 6790K, committed 7168K, reserved 1048576K
}
Event: 177.034 GC heap before
{Heap before GC invocations=15 (full 0):
 garbage-first heap   total 151552K, used 115637K [0x0000000700c00000, 0x0000000800000000)
  region size 2048K, 31 young (63488K), 5 survivors (10240K)
 Metaspace       used 48923K, committed 49984K, reserved 1114112K
  class space    used 6790K, committed 7168K, reserved 1048576K
}
Event: 177.051 GC heap after
{Heap after GC invocations=16 (full 0):
 garbage-first heap   total 184320K, used 115849K [0x0000000700c00000, 0x0000000800000000)
  region size 2048K, 4 young (8192K), 4 survivors (8192K)
 Metaspace       used 48923K, committed 49984K, reserved 1114112K
  class space    used 6790K, committed 7168K, reserved 1048576K
}
Event: 200.722 GC heap before
{Heap before GC invocations=16 (full 0):
 garbage-first heap   total 184320K, used 138377K [0x0000000700c00000, 0x0000000800000000)
  region size 2048K, 15 young (30720K), 4 survivors (8192K)
 Metaspace       used 48998K, committed 49984K, reserved 1114112K
  class space    used 6808K, committed 7168K, reserved 1048576K
}
Event: 200.727 GC heap after
{Heap after GC invocations=17 (full 0):
 garbage-first heap   total 184320K, used 138240K [0x0000000700c00000, 0x0000000800000000)
  region size 2048K, 2 young (4096K), 2 survivors (4096K)
 Metaspace       used 48998K, committed 49984K, reserved 1114112K
  class space    used 6808K, committed 7168K, reserved 1048576K
}
Event: 200.733 GC heap before
{Heap before GC invocations=17 (full 0):
 garbage-first heap   total 184320K, used 150528K [0x0000000700c00000, 0x0000000800000000)
  region size 2048K, 8 young (16384K), 2 survivors (4096K)
 Metaspace       used 48998K, committed 49984K, reserved 1114112K
  class space    used 6808K, committed 7168K, reserved 1048576K
}
Event: 200.736 GC heap after
{Heap after GC invocations=18 (full 0):
 garbage-first heap   total 184320K, used 153600K [0x0000000700c00000, 0x0000000800000000)
  region size 2048K, 1 young (2048K), 1 survivors (2048K)
 Metaspace       used 48998K, committed 49984K, reserved 1114112K
  class space    used 6808K, committed 7168K, reserved 1048576K
}
Event: 200.739 GC heap before
{Heap before GC invocations=18 (full 0):
 garbage-first heap   total 184320K, used 161792K [0x0000000700c00000, 0x0000000800000000)
  region size 2048K, 5 young (10240K), 1 survivors (2048K)
 Metaspace       used 48998K, committed 49984K, reserved 1114112K
  class space    used 6808K, committed 7168K, reserved 1048576K
}
Event: 200.742 GC heap after
{Heap after GC invocations=19 (full 0):
 garbage-first heap   total 184320K, used 163550K [0x0000000700c00000, 0x0000000800000000)
  region size 2048K, 1 young (2048K), 1 survivors (2048K)
 Metaspace       used 48998K, committed 49984K, reserved 1114112K
  class space    used 6808K, committed 7168K, reserved 1048576K
}
Event: 200.745 GC heap before
{Heap before GC invocations=19 (full 0):
 garbage-first heap   total 184320K, used 169694K [0x0000000700c00000, 0x0000000800000000)
  region size 2048K, 4 young (8192K), 1 survivors (2048K)
 Metaspace       used 48998K, committed 49984K, reserved 1114112K
  class space    used 6808K, committed 7168K, reserved 1048576K
}

